{"/Users/sindrimasson/Documents/8.önn/Viðhald/assignment-2-testing/src/constants.ts": {"path":"/Users/sindrimasson/Documents/8.önn/Viðhald/assignment-2-testing/src/constants.ts","all":false,"statementMap":{"0":{"start":{"line":1,"column":0},"end":{"line":1,"column":29}},"1":{"start":{"line":2,"column":0},"end":{"line":2,"column":22}},"2":{"start":{"line":3,"column":0},"end":{"line":3,"column":22}},"3":{"start":{"line":4,"column":0},"end":{"line":4,"column":16}},"4":{"start":{"line":5,"column":0},"end":{"line":5,"column":18}},"5":{"start":{"line":6,"column":0},"end":{"line":6,"column":20}},"6":{"start":{"line":7,"column":0},"end":{"line":7,"column":18}},"7":{"start":{"line":8,"column":0},"end":{"line":8,"column":1}}},"s":{"0":1,"1":1,"2":1,"3":1,"4":1,"5":1,"6":1,"7":1},"branchMap":{"0":{"type":"branch","line":1,"loc":{"start":{"line":1,"column":7},"end":{"line":1,"column":29}},"locations":[{"start":{"line":1,"column":7},"end":{"line":1,"column":29}}]}},"b":{"0":[1]},"fnMap":{},"f":{}}
,"/Users/sindrimasson/Documents/8.önn/Viðhald/assignment-2-testing/src/dateUtils.ts": {"path":"/Users/sindrimasson/Documents/8.önn/Viðhald/assignment-2-testing/src/dateUtils.ts","all":false,"statementMap":{"0":{"start":{"line":1,"column":0},"end":{"line":1,"column":71}},"1":{"start":{"line":2,"column":0},"end":{"line":2,"column":40}},"2":{"start":{"line":3,"column":0},"end":{"line":3,"column":45}},"3":{"start":{"line":4,"column":0},"end":{"line":4,"column":0}},"4":{"start":{"line":5,"column":0},"end":{"line":5,"column":34}},"5":{"start":{"line":6,"column":0},"end":{"line":6,"column":28}},"6":{"start":{"line":7,"column":0},"end":{"line":7,"column":25}},"7":{"start":{"line":8,"column":0},"end":{"line":8,"column":1}},"8":{"start":{"line":9,"column":0},"end":{"line":9,"column":0}},"9":{"start":{"line":10,"column":0},"end":{"line":10,"column":78}},"10":{"start":{"line":11,"column":0},"end":{"line":11,"column":19}},"11":{"start":{"line":12,"column":0},"end":{"line":12,"column":37}},"12":{"start":{"line":13,"column":0},"end":{"line":13,"column":52}},"13":{"start":{"line":14,"column":0},"end":{"line":14,"column":37}},"14":{"start":{"line":15,"column":0},"end":{"line":15,"column":52}},"15":{"start":{"line":16,"column":0},"end":{"line":16,"column":34}},"16":{"start":{"line":17,"column":0},"end":{"line":17,"column":49}},"17":{"start":{"line":18,"column":0},"end":{"line":18,"column":35}},"18":{"start":{"line":19,"column":0},"end":{"line":19,"column":50}},"19":{"start":{"line":20,"column":0},"end":{"line":20,"column":36}},"20":{"start":{"line":21,"column":0},"end":{"line":21,"column":51}},"21":{"start":{"line":22,"column":0},"end":{"line":22,"column":35}},"22":{"start":{"line":23,"column":0},"end":{"line":23,"column":50}},"23":{"start":{"line":24,"column":0},"end":{"line":24,"column":5}},"24":{"start":{"line":25,"column":0},"end":{"line":25,"column":1}},"25":{"start":{"line":26,"column":0},"end":{"line":26,"column":0}},"26":{"start":{"line":27,"column":0},"end":{"line":27,"column":65}},"27":{"start":{"line":28,"column":0},"end":{"line":28,"column":55}},"28":{"start":{"line":29,"column":0},"end":{"line":29,"column":20}},"29":{"start":{"line":30,"column":0},"end":{"line":30,"column":5}},"30":{"start":{"line":31,"column":0},"end":{"line":31,"column":59}},"31":{"start":{"line":32,"column":0},"end":{"line":32,"column":1}},"32":{"start":{"line":33,"column":0},"end":{"line":33,"column":0}},"33":{"start":{"line":34,"column":0},"end":{"line":34,"column":61}},"34":{"start":{"line":35,"column":0},"end":{"line":35,"column":38}},"35":{"start":{"line":36,"column":0},"end":{"line":36,"column":1}},"36":{"start":{"line":37,"column":0},"end":{"line":37,"column":0}},"37":{"start":{"line":38,"column":0},"end":{"line":38,"column":58}},"38":{"start":{"line":39,"column":0},"end":{"line":39,"column":37}},"39":{"start":{"line":40,"column":0},"end":{"line":40,"column":1}}},"s":{"0":1,"1":1,"2":1,"3":1,"4":1,"5":1,"6":1,"7":1,"8":1,"9":1,"10":3,"11":3,"12":0,"13":3,"14":0,"15":3,"16":1,"17":3,"18":0,"19":3,"20":1,"21":3,"22":1,"23":1,"24":3,"25":3,"26":1,"27":4,"28":3,"29":2,"30":2,"31":4,"32":4,"33":1,"34":3,"35":3,"36":3,"37":1,"38":9,"39":9},"branchMap":{"0":{"type":"branch","line":5,"loc":{"start":{"line":5,"column":16},"end":{"line":8,"column":1}},"locations":[{"start":{"line":5,"column":16},"end":{"line":8,"column":1}}]},"1":{"type":"branch","line":8,"loc":{"start":{"line":8,"column":0},"end":{"line":10,"column":32}},"locations":[{"start":{"line":8,"column":0},"end":{"line":10,"column":32}}]},"2":{"type":"branch","line":10,"loc":{"start":{"line":10,"column":20},"end":{"line":25,"column":1}},"locations":[{"start":{"line":10,"column":20},"end":{"line":25,"column":1}}]},"3":{"type":"branch","line":12,"loc":{"start":{"line":12,"column":13},"end":{"line":14,"column":29}},"locations":[{"start":{"line":12,"column":13},"end":{"line":14,"column":29}}]},"4":{"type":"branch","line":14,"loc":{"start":{"line":14,"column":13},"end":{"line":16,"column":29}},"locations":[{"start":{"line":14,"column":13},"end":{"line":16,"column":29}}]},"5":{"type":"branch","line":16,"loc":{"start":{"line":16,"column":13},"end":{"line":18,"column":29}},"locations":[{"start":{"line":16,"column":13},"end":{"line":18,"column":29}}]},"6":{"type":"branch","line":18,"loc":{"start":{"line":18,"column":13},"end":{"line":20,"column":29}},"locations":[{"start":{"line":18,"column":13},"end":{"line":20,"column":29}}]},"7":{"type":"branch","line":20,"loc":{"start":{"line":20,"column":13},"end":{"line":22,"column":29}},"locations":[{"start":{"line":20,"column":13},"end":{"line":22,"column":29}}]},"8":{"type":"branch","line":22,"loc":{"start":{"line":22,"column":13},"end":{"line":25,"column":1}},"locations":[{"start":{"line":22,"column":13},"end":{"line":25,"column":1}}]},"9":{"type":"branch","line":25,"loc":{"start":{"line":25,"column":0},"end":{"line":27,"column":30}},"locations":[{"start":{"line":25,"column":0},"end":{"line":27,"column":30}}]},"10":{"type":"branch","line":27,"loc":{"start":{"line":27,"column":16},"end":{"line":32,"column":1}},"locations":[{"start":{"line":27,"column":16},"end":{"line":32,"column":1}}]},"11":{"type":"branch","line":28,"loc":{"start":{"line":28,"column":43},"end":{"line":29,"column":20}},"locations":[{"start":{"line":28,"column":43},"end":{"line":29,"column":20}}]},"12":{"type":"branch","line":29,"loc":{"start":{"line":29,"column":15},"end":{"line":32,"column":1}},"locations":[{"start":{"line":29,"column":15},"end":{"line":32,"column":1}}]},"13":{"type":"branch","line":32,"loc":{"start":{"line":32,"column":0},"end":{"line":34,"column":29}},"locations":[{"start":{"line":32,"column":0},"end":{"line":34,"column":29}}]},"14":{"type":"branch","line":34,"loc":{"start":{"line":34,"column":16},"end":{"line":36,"column":1}},"locations":[{"start":{"line":34,"column":16},"end":{"line":36,"column":1}}]},"15":{"type":"branch","line":36,"loc":{"start":{"line":36,"column":0},"end":{"line":38,"column":26}},"locations":[{"start":{"line":36,"column":0},"end":{"line":38,"column":26}}]},"16":{"type":"branch","line":38,"loc":{"start":{"line":38,"column":16},"end":{"line":40,"column":1}},"locations":[{"start":{"line":38,"column":16},"end":{"line":40,"column":1}}]}},"b":{"0":[1],"1":[1],"2":[3],"3":[0],"4":[0],"5":[1],"6":[0],"7":[1],"8":[1],"9":[3],"10":[4],"11":[3],"12":[2],"13":[4],"14":[3],"15":[3],"16":[9]},"fnMap":{"0":{"name":"getCurrentYear","decl":{"start":{"line":5,"column":16},"end":{"line":8,"column":1}},"loc":{"start":{"line":5,"column":16},"end":{"line":8,"column":1}},"line":5},"1":{"name":"get","decl":{"start":{"line":8,"column":0},"end":{"line":10,"column":32}},"loc":{"start":{"line":8,"column":0},"end":{"line":10,"column":32}},"line":8},"2":{"name":"add","decl":{"start":{"line":10,"column":20},"end":{"line":25,"column":1}},"loc":{"start":{"line":10,"column":20},"end":{"line":25,"column":1}},"line":10},"3":{"name":"get","decl":{"start":{"line":25,"column":0},"end":{"line":27,"column":30}},"loc":{"start":{"line":25,"column":0},"end":{"line":27,"column":30}},"line":25},"4":{"name":"isWithinRange","decl":{"start":{"line":27,"column":16},"end":{"line":32,"column":1}},"loc":{"start":{"line":27,"column":16},"end":{"line":32,"column":1}},"line":27},"5":{"name":"get","decl":{"start":{"line":32,"column":0},"end":{"line":34,"column":29}},"loc":{"start":{"line":32,"column":0},"end":{"line":34,"column":29}},"line":32},"6":{"name":"isDateBefore","decl":{"start":{"line":34,"column":16},"end":{"line":36,"column":1}},"loc":{"start":{"line":34,"column":16},"end":{"line":36,"column":1}},"line":34},"7":{"name":"get","decl":{"start":{"line":36,"column":0},"end":{"line":38,"column":26}},"loc":{"start":{"line":36,"column":0},"end":{"line":38,"column":26}},"line":36},"8":{"name":"isSameDay","decl":{"start":{"line":38,"column":16},"end":{"line":40,"column":1}},"loc":{"start":{"line":38,"column":16},"end":{"line":40,"column":1}},"line":38}},"f":{"0":1,"1":1,"2":3,"3":3,"4":4,"5":4,"6":3,"7":3,"8":9}}
}
